<?xml version="1.0" encoding="UTF-8"?>
<!-- Generated by org.testng.reporters.JUnitReportReporter -->
<testsuite hostname="QT-INNO-LT1061" failures="0" tests="1" name="amazon_task07.Amazon_Task7" time="15.731" errors="0" timestamp="2022-06-20T12:41:25 IST" skipped="0">
  <testcase classname="amazon_task07.Amazon_Task7" name="test2" time="15.731"/>
  <system-out>
    <![CDATA[The test2 method executed successfully]]>
  </system-out>
</testsuite> <!-- amazon_task07.Amazon_Task7 -->
